14:17:01.929 DEBUG 获取到配置信息: 
14:17:01.929 DEBUG {"basePath":"./","outPut":{"minifyCss":true,"minifyJs":true,"addVersion":true,"embedSize":10,"merge":false},"root":"/src","entry":"home","title":"页面","outFolder":"./dist","resourceFolder":"./src/resource","headList":[{"http-equiv":"content-type","content":"text/html; charset=UTF-8"},{"name":"viewport","content":"width=device-width, initial-scale=0, maximum-scale=1, user-scalable=yes,shrink-to-fit=no"}],"scriptList":[{"name":"swiper","src":"./src/resource/idangerous.swiper2.7.0.min.js"},{"name":"jquery1.11.0","src":"http://tools.people.com.cn/libs/jquery/1.11.1/jquery-1.11.1.min.js"},{"name":"roundabout","src":"./src/resource/roundabout.js"},{"name":"jquery.easing.1.3","src":"./src/resource/jquery.easing.1.3.js"}],"styleList":[{"name":"main","src":"./src/main.css","resource":true},{"name":"swiper","src":"./src/resource/idangerous.swiper2.7.0.css"}],"pageList":[{"main":true,"isPage":true,"name":"home","src":"./src/page/home.page","temple":"<temple name=\"home\" src=\"./src/page/home.page\" isPage=\"true\"></temple>","outerHTML":"<!DOCTYPE html>\r\n<html lang=\"zh-CN\">\r\n  <head>\r\n    <title>页面</title>\r\n    <!-- 页面的元信息 -->\r\n    <meta http-equiv=\"content-type\" content=\"text/html; charset=UTF-8\"/>\r\n    <meta name=\"viewport\" content=\"width=device-width, initial-scale=0, maximum-scale=1, user-scalable=yes,shrink-to-fit=no\"/>\r\n    <!-- css-output -->\r\n    <!-- animation-output -->\r\n  </head>\r\n  <body>\r\n    <!-- 页面区域 -->\r\n    <temple name=\"home\" src=\"./src/page/home.page\" isPage=\"true\"></temple>\r\n    <!-- script-output -->\r\n  </body>\r\n</html>"}],"dev":{"basePath":"./","watcher":{"enable":true,"ignored":"./dist/*","depth":99},"outPut":{"minifyCss":false,"minifyJs":false,"addVersion":false},"serverPort":8000,"server":true,"autoReload":true,"remoteDebug":true},"build":{"basePath":"./","outPut":{"minifyCss":true,"minifyJs":true,"addVersion":true,"embedSize":10,"merge":false}}} 
14:17:01.929 INFO  --------------------------- 开始编译 --------------------------- 
14:17:01.929 INFO  程序运行目录: D:\work\bjdqh 
14:17:01.929 INFO  首次启动! 
14:17:01.929 INFO  生成版本号: ac2lvypdz8m 
14:17:01.939 INFO  清理资源文件夹: D:\work\bjdqh\dist\static 
14:17:01.940 INFO  文件夹不存在: D:\work\bjdqh\dist\static 
14:17:01.940 INFO  创建文件夹: D:\work\bjdqh\dist\static 
14:17:01.940 INFO  读取模板文件: C:\Users\PG\Documents\GitHub\PG\lib\index.html 
14:17:01.941 DEBUG 读取网页标题: 页面 
14:17:01.941 DEBUG 处理页面源信息: [{"http-equiv":"content-type","content":"text/html; charset=UTF-8"},{"name":"viewport","content":"width=device-width, initial-scale=0, maximum-scale=1, user-scalable=yes,shrink-to-fit=no"}] 
14:17:01.942 DEBUG 处理模板: ./src/page/home.page 
14:17:01.974 DEBUG 处理模板: https://owo.ink/public/7d7233398a2d8e3dbfe0c51db7158223.page 
14:17:01.974 DEBUG 使用文件缓存:D:\work\bjdqh\owo_modules\b2b2272f3aa2ded2637f7494addf3fad.owo 
14:17:01.974 ERROR 模块: topBar 不包含script 
14:17:01.982 DEBUG 缓存模板: https://owo.ink/public/7d7233398a2d8e3dbfe0c51db7158223.page 
14:17:01.982 DEBUG 模板topBar处理用时: 8 毫秒! 
14:17:01.984 DEBUG 处理模板: ./src/module/titleBar.owo 
14:17:01.984 ERROR 模块: titleBar 不包含script 
14:17:02.060 DEBUG 缓存模板: ./src/module/titleBar.owo 
14:17:02.060 DEBUG 模板titleBar处理用时: 76 毫秒! 
14:17:02.063 DEBUG 处理模板: ./src/module/swiper.owo 
14:17:02.072 DEBUG 缓存模板: ./src/module/swiper.owo 
14:17:02.072 DEBUG 模板swiper处理用时: 9 毫秒! 
14:17:02.075 DEBUG 处理模板: ./src/module/newsList.owo 
14:17:02.075 ERROR 模块: newsList 不包含script 
14:17:02.085 DEBUG 缓存模板: ./src/module/newsList.owo 
14:17:02.085 DEBUG 模板newsList处理用时: 10 毫秒! 
14:17:02.088 DEBUG 处理模板: ./src/module/imageBar.owo 
14:17:02.092 DEBUG 缓存模板: ./src/module/imageBar.owo 
14:17:02.092 DEBUG 模板imageBar处理用时: 4 毫秒! 
14:17:02.093 DEBUG 处理模板: ./src/module/imageBar.owo 
14:17:02.094 DEBUG 智能跳过打包./src/module/imageBar.owo的重复样式! 
14:17:02.094 DEBUG 缓存模板: ./src/module/imageBar.owo 
14:17:02.094 DEBUG 模板imageBar2处理用时: 1 毫秒! 
14:17:02.096 DEBUG 处理模板: ./src/module/imageBar.owo 
14:17:02.097 DEBUG 智能跳过打包./src/module/imageBar.owo的重复样式! 
14:17:02.097 DEBUG 缓存模板: ./src/module/imageBar.owo 
14:17:02.097 DEBUG 模板imageBar3处理用时: 1 毫秒! 
14:17:02.098 DEBUG 处理模板: ./src/module/newsCard.owo 
14:17:02.098 ERROR 模块: newsCard 不包含script 
14:17:02.104 DEBUG 缓存模板: ./src/module/newsCard.owo 
14:17:02.104 DEBUG 模板newsCard处理用时: 6 毫秒! 
14:17:02.105 DEBUG 使用缓存返回模板: ./src/module/newsCard.owo 
14:17:02.106 DEBUG 使用缓存返回模板: ./src/module/newsCard.owo 
14:17:02.108 DEBUG 使用缓存返回模板: ./src/module/newsCard.owo 
14:17:02.110 DEBUG 使用缓存返回模板: ./src/module/newsCard.owo 
14:17:02.111 DEBUG 使用缓存返回模板: ./src/module/newsCard.owo 
14:17:02.112 DEBUG 处理模板: ./src/module/imageBar.owo 
14:17:02.115 DEBUG 智能跳过打包./src/module/imageBar.owo的重复样式! 
14:17:02.115 DEBUG 缓存模板: ./src/module/imageBar.owo 
14:17:02.115 DEBUG 模板imageBar4处理用时: 3 毫秒! 
14:17:02.116 DEBUG 处理模板: ./src/module/swiper2.owo 
14:17:02.126 DEBUG 发现 comment 规则: undefined 
14:17:02.126 DEBUG 缓存模板: ./src/module/swiper2.owo 
14:17:02.126 DEBUG 模板swiper2处理用时: 10 毫秒! 
14:17:02.128 DEBUG 处理模板: https://owo.ink/public/1a09200bec9534a889b83834094ecb3e.page 
14:17:02.128 DEBUG 使用文件缓存:D:\work\bjdqh\owo_modules\43bb5b6a8aabc8078eb9c5d83fed5ab6.owo 
14:17:02.128 ERROR 模块: copyright 不包含script 
14:17:02.132 DEBUG 缓存模板: https://owo.ink/public/1a09200bec9534a889b83834094ecb3e.page 
14:17:02.132 DEBUG 模板copyright处理用时: 4 毫秒! 
14:17:02.138 DEBUG 缓存模板: ./src/page/home.page 
14:17:02.138 DEBUG 模板home处理用时: 196 毫秒! 
14:17:02.139 INFO  文件夹不存在: D:\work\bjdqh\dist\static\resource 
14:17:02.139 INFO  创建文件夹: D:\work\bjdqh\dist\static\resource 
14:17:02.139 DEBUG base64处理文件: D:\work\bjdqh\src\resource\icon.png 
14:17:02.140 DEBUG base64处理文件: D:\work\bjdqh\src\resource\left.png 
14:17:02.140 DEBUG 忽略文件: D:\work\bjdqh\src\resource\left.png 
14:17:02.140 DEBUG base64处理文件: D:\work\bjdqh\src\resource\path.png 
14:17:02.140 DEBUG 处理资源: D:\work\bjdqh\src\resource\bar.png 
14:17:02.142 INFO  css中的资源处理完毕! 
14:17:02.142 DEBUG 使用postcss处理样式，使用了3个插件! 
14:17:02.155 INFO  正在处理script! 
14:17:02.155 INFO  工程中只有一个页面! 
14:17:02.155 DEBUG 页面中不包含切换动画! 
14:17:02.880 INFO  文件夹不存在: D:\work\bjdqh\dist\static\js 
14:17:02.880 INFO  创建文件夹: D:\work\bjdqh\dist\static\js 
14:17:02.902 DEBUG base64处理文件: D:\work\bjdqh\src\resource\title.png 
14:17:02.902 DEBUG 忽略文件: D:\work\bjdqh\src\resource\title.png 
14:17:02.902 DEBUG 忽略文件: D:\work\bjdqh\src\resource\title.png 
14:17:02.902 DEBUG 忽略文件: D:\work\bjdqh\src\resource\title.png 
14:17:02.902 INFO  js中的资源处理完毕! 
14:17:02.903 DEBUG 处理引用脚本: [{"name":"swiper","src":"./src/resource/idangerous.swiper2.7.0.min.js"},{"name":"jquery1.11.0","src":"http://tools.people.com.cn/libs/jquery/1.11.1/jquery-1.11.1.min.js"},{"name":"roundabout","src":"./src/resource/roundabout.js"},{"name":"jquery.easing.1.3","src":"./src/resource/jquery.easing.1.3.js"}] 
14:17:02.903 DEBUG 外部脚本数量: 4 
14:17:02.903 DEBUG 处理脚本: swiper 
14:17:02.903 DEBUG 不使用bable处理脚本! 
14:17:02.903 INFO  读取文件: D:\work\bjdqh\src\resource\idangerous.swiper2.7.0.min.js 
14:17:02.904 DEBUG 处理脚本: jquery1.11.0 
14:17:02.904 DEBUG 网络脚本: jquery1.11.0 
14:17:02.904 DEBUG 处理脚本: roundabout 
14:17:02.904 DEBUG 不使用bable处理脚本! 
14:17:02.904 INFO  读取文件: D:\work\bjdqh\src\resource\roundabout.js 
14:17:02.904 DEBUG 处理脚本: jquery.easing.1.3 
14:17:02.904 DEBUG 不使用bable处理脚本! 
14:17:02.904 INFO  读取文件: D:\work\bjdqh\src\resource\jquery.easing.1.3.js 
14:17:02.904 DEBUG 输出scriptData 
14:17:02.904 DEBUG 判断是否可以输出Html! 
14:17:02.904 DEBUG 还有没有经过处理的资源! 
14:17:03.120 INFO  读取成功: D:\work\bjdqh\src\resource\jquery.easing.1.3.js 
14:17:03.120 INFO  读取成功: D:\work\bjdqh\src\resource\roundabout.js 
14:17:03.130 INFO  写入文件: D:\work\bjdqh\dist\static\js\jquery.easing.1.3.js 
14:17:03.130 INFO  写入文件: D:\work\bjdqh\dist\static\js\roundabout.js 
14:17:03.130 INFO  读取成功: D:\work\bjdqh\src\resource\idangerous.swiper2.7.0.min.js 
14:17:03.131 INFO  写入文件: D:\work\bjdqh\dist\static\js\swiper.js 
14:17:06.089 INFO  使用postcss处理完毕! 用时: 3947 毫秒 
14:17:06.089 DEBUG 需要经过特殊处理的css: [[".o-topBar .title-bar ",".o-topBar "],[".o-titleBar .p1_con_a ",".o-titleBar "],[".o-titleBar .clearfix ",".o-titleBar "],[".o-titleBar .w1000 ",".o-titleBar "],[".o-swiper .banner-box ",".o-swiper "],[".o-newsList .news-list ",".o-newsList "],[".o-imageBar .image-bar ",".o-imageBar "],[".o-imageBar2 .image-bar ",".o-imageBar2 "],[".o-imageBar3 .image-bar ",".o-imageBar3 "],[".o-newsCard .card ",".o-newsCard "],[".o-imageBar4 .image-bar ",".o-imageBar4 "],[".o-swiper2 .p6_content ",".o-swiper2 "],[".o-swiper2 .white ",".o-swiper2 "],[".o-swiper2 .mt30 ",".o-swiper2 "],[".o-swiper2 .clearfix ",".o-swiper2 "],[".o-copyright .copyright-box ",".o-copyright "],[".o-home .home ",".o-home "]] 
14:17:06.089 INFO  文件夹不存在: D:\work\bjdqh\dist\static\css 
14:17:06.090 INFO  创建文件夹: D:\work\bjdqh\dist\static\css 
14:17:06.090 INFO  开始处理附属css中的资源 
14:17:06.090 INFO  附属css中的资源处理完毕! 
14:17:06.090 INFO  读取文件: D:\work\bjdqh\src\resource\idangerous.swiper2.7.0.css 
14:17:06.091 INFO  附属css中的资源不需要处理! 
14:17:06.091 DEBUG 判断是否可以输出Html! 
14:17:06.091 DEBUG 准备输出html! 
14:17:06.091 DEBUG 忽略文件: D:\work\bjdqh\src\resource\image.png 
14:17:06.091 DEBUG 忽略文件: D:\work\bjdqh\src\resource\image.png 
14:17:06.091 DEBUG 忽略文件: D:\work\bjdqh\src\resource\image.png 
14:17:06.091 DEBUG 处理资源: D:\work\bjdqh\src\resource\image.png 
14:17:06.091 DEBUG 开始美化html 
14:17:06.116 INFO  写入文件: D:\work\bjdqh\dist\static\css\owo.main.ac2lvypdz8m.css 
14:17:06.118 INFO  读取成功: D:\work\bjdqh\src\main.css 
14:17:06.118 DEBUG 处理资源: D:\work\bjdqh\src\resource\bg-spot.png 
14:17:06.120 INFO  读取成功: D:\work\bjdqh\src\resource\idangerous.swiper2.7.0.css 
14:17:06.124 DEBUG 文件处理成功: 
14:17:06.124 DEBUG D:\work\bjdqh\dist\static\resource\bar.png 
14:17:06.124 INFO  写入文件: D:\work\bjdqh\dist\static\css\main.css 
14:17:06.125 INFO  写入文件: D:\work\bjdqh\dist\static\css\swiper.css 
14:17:07.078 DEBUG 文件处理成功: 
14:17:07.078 DEBUG D:\work\bjdqh\dist\static\resource\image.png 
14:17:07.448 DEBUG 文件处理成功: 
14:17:07.448 DEBUG D:\work\bjdqh\dist\static\resource\bg-spot.png 
